<?xml version="1.0" encoding="UTF-8"?>
<testng-results ignored="0" total="2" passed="2" failed="0" skipped="0">
  <reporter-output>
  </reporter-output>
  <suite started-at="2023-08-18T16:30:13 CDT" name="Suite" finished-at="2023-08-18T16:30:38 CDT" duration-ms="25190">
    <groups>
      <group name="cucumber">
        <method signature="AbstractTestNGCucumberTests.runScenario(io.cucumber.testng.PickleWrapper,io.cucumber.testng.FeatureWrapper)[pri:0, instance:com.proj.runner.TestRunner@4135c3b]" name="runScenario" class="io.cucumber.testng.AbstractTestNGCucumberTests"/>
      </group> <!-- cucumber -->
    </groups>
    <test started-at="2023-08-18T16:30:13 CDT" name="Test" finished-at="2023-08-18T16:30:38 CDT" duration-ms="25190">
      <class name="com.proj.runner.TestRunner">
        <test-method is-config="true" signature="setUpClass(org.testng.ITestContext)[pri:0, instance:com.proj.runner.TestRunner@4135c3b]" started-at="2023-08-18T16:30:13 CDT" name="setUpClass" finished-at="2023-08-18T16:30:14 CDT" duration-ms="667" status="PASS">
          <params>
            <param index="0">
              <value>
                <![CDATA[org.testng.TestRunner@55b62629]]>
              </value>
            </param>
          </params>
          <reporter-output>
          </reporter-output>
        </test-method> <!-- setUpClass -->
        <test-method signature="runScenario(io.cucumber.testng.PickleWrapper,io.cucumber.testng.FeatureWrapper)[pri:0, instance:com.proj.runner.TestRunner@4135c3b]" started-at="2023-08-18T16:30:14 CDT" name="runScenario" description="Runs Cucumber Scenarios" data-provider="scenarios" finished-at="2023-08-18T16:30:34 CDT" duration-ms="20121" status="PASS">
          <params>
            <param index="0">
              <value>
                <![CDATA["user login with valid email id and password"]]>
              </value>
            </param>
            <param index="1">
              <value>
                <![CDATA["Validating Facebook login"]]>
              </value>
            </param>
          </params>
          <reporter-output>
          </reporter-output>
        </test-method> <!-- runScenario -->
        <test-method signature="runScenario(io.cucumber.testng.PickleWrapper,io.cucumber.testng.FeatureWrapper)[pri:0, instance:com.proj.runner.TestRunner@4135c3b]" started-at="2023-08-18T16:30:14 CDT" name="runScenario" description="Runs Cucumber Scenarios" data-provider="scenarios" finished-at="2023-08-18T16:30:37 CDT" duration-ms="22793" status="PASS">
          <params>
            <param index="0">
              <value>
                <![CDATA["user login with valid phone and password"]]>
              </value>
            </param>
            <param index="1">
              <value>
                <![CDATA["Validating Facebook login"]]>
              </value>
            </param>
          </params>
          <reporter-output>
          </reporter-output>
        </test-method> <!-- runScenario -->
        <test-method is-config="true" signature="tearDownClass()[pri:0, instance:com.proj.runner.TestRunner@4135c3b]" started-at="2023-08-18T16:30:37 CDT" name="tearDownClass" finished-at="2023-08-18T16:30:38 CDT" duration-ms="1667" status="PASS">
          <reporter-output>
          </reporter-output>
        </test-method> <!-- tearDownClass -->
      </class> <!-- com.proj.runner.TestRunner -->
    </test> <!-- Test -->
  </suite> <!-- Suite -->
</testng-results>
